2021-12-31 11:00:16,360 INFO  [org.jboss.modules] (main) JBoss Modules version 2.0.0.Final
2021-12-31 11:00:16,769 INFO  [org.jboss.msc] (main) JBoss MSC version 1.4.13.Final
2021-12-31 11:00:16,776 INFO  [org.jboss.threads] (main) JBoss Threads version 2.4.0.Final
2021-12-31 11:00:16,857 INFO  [org.jboss.as] (MSC service thread 1-1) WFLYSRV0049: Keycloak 16.1.0 (WildFly Core 18.0.0.Final) starting
2021-12-31 11:00:16,858 DEBUG [org.jboss.as.config] (MSC service thread 1-1) Configured system properties:
	file.encoding = Cp1252
	file.separator = \
	java.awt.headless = true
	java.class.path = C:\Users\Gamelas\Desktop\Universidade\3Ano\project-2---authentication-equipa_2\uap\keycloak-16.1.0\jboss-modules.jar
	java.class.version = 61.0
	java.home = C:\Program Files\Java\jdk-17.0.1
	java.io.tmpdir = C:\Users\Gamelas\AppData\Local\Temp\
	java.library.path = C:\Program Files\Java\jdk-17.0.1\bin;C:\WINDOWS\Sun\Java\bin;C:\WINDOWS\system32;C:\WINDOWS;C:\Program Files\Common Files\Oracle\Java\javapath;C:\Program Files (x86)\Common Files\Oracle\Java\javapath;C:\WINDOWS\system32;C:\WINDOWS;C:\WINDOWS\System32\Wbem;C:\WINDOWS\System32\WindowsPowerShell\v1.0\;C:\WINDOWS\System32\OpenSSH\;C:\xampp\php;C:\ProgramData\ComposerSetup\bin;C:\Program Files\Git\cmd;C:\Program Files\nodejs\;C:\Program Files\NVIDIA Corporation\NVIDIA NvDLISR;C:\Program Files (x86)\NVIDIA Corporation\PhysX\Common;C:\Program Files\Portugal Identity Card\;C:\Users\Gamelas\AppData\Local\Programs\Python\Python310\Scripts\;C:\Users\Gamelas\AppData\Local\Programs\Python\Python310\;C:\Users\Gamelas\AppData\Local\Microsoft\WindowsApps;C:\Users\Gamelas\AppData\Local\Programs\Microsoft VS Code\bin;C:\Users\Gamelas\AppData\Roaming\Composer\vendor\bin;C:\Users\Gamelas\AppData\Local\Programs\MiKTeX\miktex\bin\x64\;C:\Users\Gamelas\AppData\Roaming\npm;C:\Users\Gamelas\AppData\Local\GitHubDesktop\bin;.
	java.net.preferIPv4Stack = true
	java.runtime.name = Java(TM) SE Runtime Environment
	java.runtime.version = 17.0.1+12-LTS-39
	java.specification.name = Java Platform API Specification
	java.specification.vendor = Oracle Corporation
	java.specification.version = 17
	java.util.logging.manager = org.jboss.logmanager.LogManager
	java.vendor = Oracle Corporation
	java.vendor.url = https://java.oracle.com/
	java.vendor.url.bug = https://bugreport.java.com/bugreport/
	java.version = 17.0.1
	java.version.date = 2021-10-19
	java.vm.compressedOopsMode = 32-bit
	java.vm.info = mixed mode, sharing
	java.vm.name = Java HotSpot(TM) 64-Bit Server VM
	java.vm.specification.name = Java Virtual Machine Specification
	java.vm.specification.vendor = Oracle Corporation
	java.vm.specification.version = 17
	java.vm.vendor = Oracle Corporation
	java.vm.version = 17.0.1+12-LTS-39
	javax.management.builder.initial = org.jboss.as.jmx.PluggableMBeanServerBuilder
	jboss.home.dir = C:\Users\Gamelas\Desktop\Universidade\3Ano\project-2---authentication-equipa_2\uap\keycloak-16.1.0
	jboss.host.name = desktop-mri2uaq
	jboss.modules.dir = C:\Users\Gamelas\Desktop\Universidade\3Ano\project-2---authentication-equipa_2\uap\keycloak-16.1.0\modules
	jboss.modules.system.pkgs = org.jboss.byteman
	jboss.node.name = desktop-mri2uaq
	jboss.qualified.host.name = desktop-mri2uaq
	jboss.server.base.dir = C:\Users\Gamelas\Desktop\Universidade\3Ano\project-2---authentication-equipa_2\uap\keycloak-16.1.0\standalone
	jboss.server.config.dir = C:\Users\Gamelas\Desktop\Universidade\3Ano\project-2---authentication-equipa_2\uap\keycloak-16.1.0\standalone\configuration
	jboss.server.data.dir = C:\Users\Gamelas\Desktop\Universidade\3Ano\project-2---authentication-equipa_2\uap\keycloak-16.1.0\standalone\data
	jboss.server.deploy.dir = C:\Users\Gamelas\Desktop\Universidade\3Ano\project-2---authentication-equipa_2\uap\keycloak-16.1.0\standalone\data\content
	jboss.server.log.dir = C:\Users\Gamelas\Desktop\Universidade\3Ano\project-2---authentication-equipa_2\uap\keycloak-16.1.0\standalone\log
	jboss.server.name = desktop-mri2uaq
	jboss.server.persist.config = true
	jboss.server.temp.dir = C:\Users\Gamelas\Desktop\Universidade\3Ano\project-2---authentication-equipa_2\uap\keycloak-16.1.0\standalone\tmp
	jdk.debug = release
	line.separator = 

	logging.configuration = file:C:\Users\Gamelas\Desktop\Universidade\3Ano\project-2---authentication-equipa_2\uap\keycloak-16.1.0\standalone\configuration/logging.properties
	module.path = C:\Users\Gamelas\Desktop\Universidade\3Ano\project-2---authentication-equipa_2\uap\keycloak-16.1.0\modules
	native.encoding = Cp1252
	org.jboss.boot.log.file = C:\Users\Gamelas\Desktop\Universidade\3Ano\project-2---authentication-equipa_2\uap\keycloak-16.1.0\standalone\log\server.log
	org.jboss.resolver.warning = true
	os.arch = amd64
	os.name = Windows 10
	os.version = 10.0
	path.separator = ;
	program.name = standalone.bat
	sun.arch.data.model = 64
	sun.boot.library.path = C:\Program Files\Java\jdk-17.0.1\bin
	sun.cpu.endian = little
	sun.cpu.isalist = amd64
	sun.io.unicode.encoding = UnicodeLittle
	sun.java.command = C:\Users\Gamelas\Desktop\Universidade\3Ano\project-2---authentication-equipa_2\uap\keycloak-16.1.0\jboss-modules.jar -mp C:\Users\Gamelas\Desktop\Universidade\3Ano\project-2---authentication-equipa_2\uap\keycloak-16.1.0\modules org.jboss.as.standalone -Djboss.home.dir=C:\Users\Gamelas\Desktop\Universidade\3Ano\project-2---authentication-equipa_2\uap\keycloak-16.1.0
	sun.java.launcher = SUN_STANDARD
	sun.jnu.encoding = Cp1252
	sun.management.compiler = HotSpot 64-Bit Tiered Compilers
	sun.os.patch.level = 
	sun.stderr.encoding = cp850
	sun.stdout.encoding = cp850
	user.country = PT
	user.dir = C:\Users\Gamelas\Desktop\Universidade\3Ano\project-2---authentication-equipa_2\uap\keycloak-16.1.0\bin
	user.home = C:\Users\Gamelas
	user.language = pt
	user.name = Gamelas
	user.script = 
	user.timezone = Europe/Lisbon
	user.variant = 
2021-12-31 11:00:16,861 DEBUG [org.jboss.as.config] (MSC service thread 1-1) VM Arguments: -Dprogram.name=standalone.bat -Xms64M -Xmx512M -XX:MetaspaceSize=96M -XX:MaxMetaspaceSize=256m -Djava.net.preferIPv4Stack=true -Djboss.modules.system.pkgs=org.jboss.byteman -Djava.awt.headless=true --add-exports=java.desktop/sun.awt=ALL-UNNAMED --add-exports=java.naming/com.sun.jndi.ldap=ALL-UNNAMED --add-opens=java.base/java.lang=ALL-UNNAMED --add-opens=java.base/java.lang.invoke=ALL-UNNAMED --add-opens=java.base/java.io=ALL-UNNAMED --add-opens=java.base/java.lang.reflect=ALL-UNNAMED --add-opens=java.base/java.security=ALL-UNNAMED --add-opens=java.base/java.util=ALL-UNNAMED --add-opens=java.base/java.util.concurrent=ALL-UNNAMED --add-opens=java.management/javax.management=ALL-UNNAMED --add-opens=java.naming/javax.naming=ALL-UNNAMED -Dorg.jboss.boot.log.file=C:\Users\Gamelas\Desktop\Universidade\3Ano\project-2---authentication-equipa_2\uap\keycloak-16.1.0\standalone\log\server.log -Dlogging.configuration=file:C:\Users\Gamelas\Desktop\Universidade\3Ano\project-2---authentication-equipa_2\uap\keycloak-16.1.0\standalone\configuration/logging.properties 
2021-12-31 11:00:17,329 INFO  [org.wildfly.security] (ServerService Thread Pool -- 19) ELY00001: WildFly Elytron version 1.18.1.Final
2021-12-31 11:00:17,830 INFO  [org.jboss.as.server] (Controller Boot Thread) WFLYSRV0039: Creating http management service using socket-binding (management-http)
2021-12-31 11:00:17,846 INFO  [org.xnio] (MSC service thread 1-6) XNIO version 3.8.5.Final
2021-12-31 11:00:17,850 INFO  [org.xnio.nio] (MSC service thread 1-6) XNIO NIO Implementation Version 3.8.5.Final
2021-12-31 11:00:17,867 INFO  [org.jboss.as.jaxrs] (ServerService Thread Pool -- 38) WFLYRS0016: RESTEasy version 4.7.4.Final
2021-12-31 11:00:17,870 WARN  [org.jboss.as.txn] (ServerService Thread Pool -- 49) WFLYTX0013: The node-identifier attribute on the /subsystem=transactions is set to the default value. This is a danger for environments running multiple servers. Please make sure the attribute value is unique.
2021-12-31 11:00:17,874 INFO  [org.wildfly.extension.health] (ServerService Thread Pool -- 35) WFLYHEALTH0001: Activating Base Health Subsystem
2021-12-31 11:00:17,878 INFO  [org.jboss.as.clustering.infinispan] (ServerService Thread Pool -- 36) WFLYCLINF0001: Activating Infinispan subsystem.
2021-12-31 11:00:17,886 INFO  [org.wildfly.extension.metrics] (ServerService Thread Pool -- 44) WFLYMETRICS0001: Activating Base Metrics Subsystem
2021-12-31 11:00:17,894 INFO  [org.jboss.as.naming] (ServerService Thread Pool -- 45) WFLYNAM0001: Activating Naming Subsystem
2021-12-31 11:00:17,952 INFO  [org.jboss.as.connector] (MSC service thread 1-7) WFLYJCA0009: Starting Jakarta Connectors Subsystem (WildFly/IronJacamar 1.5.3.Final)
2021-12-31 11:00:17,959 INFO  [org.jboss.as.connector.subsystems.datasources] (ServerService Thread Pool -- 30) WFLYJCA0004: Deploying JDBC-compliant driver class org.h2.Driver (version 1.4)
2021-12-31 11:00:17,967 INFO  [org.jboss.as.naming] (MSC service thread 1-7) WFLYNAM0003: Starting Naming Service
2021-12-31 11:00:17,968 INFO  [org.jboss.as.connector.deployers.jdbc] (MSC service thread 1-7) WFLYJCA0018: Started Driver service with driver-name = h2
2021-12-31 11:00:17,982 INFO  [org.jboss.as.mail.extension] (MSC service thread 1-7) WFLYMAIL0001: Bound mail session [java:jboss/mail/Default]
2021-12-31 11:00:17,989 INFO  [org.wildfly.extension.undertow] (MSC service thread 1-3) WFLYUT0003: Undertow 2.2.14.Final starting
2021-12-31 11:00:17,991 WARN  [org.wildfly.extension.elytron] (MSC service thread 1-4) WFLYELY00023: KeyStore file 'C:\Users\Gamelas\Desktop\Universidade\3Ano\project-2---authentication-equipa_2\uap\keycloak-16.1.0\standalone\configuration\application.keystore' does not exist. Used blank.
2021-12-31 11:00:18,003 WARN  [org.wildfly.clustering.web.undertow] (ServerService Thread Pool -- 50) WFLYCLWEBUT0007: No routing provider found for default-server; using legacy provider based on static configuration
2021-12-31 11:00:18,019 INFO  [org.wildfly.extension.io] (ServerService Thread Pool -- 37) WFLYIO001: Worker 'default' has auto-configured to 24 IO threads with 192 max task threads based on your 12 available processors
2021-12-31 11:00:18,025 WARN  [org.wildfly.extension.elytron] (MSC service thread 1-5) WFLYELY01084: KeyStore C:\Users\Gamelas\Desktop\Universidade\3Ano\project-2---authentication-equipa_2\uap\keycloak-16.1.0\standalone\configuration\application.keystore not found, it will be auto generated on first use with a self-signed certificate for host localhost
2021-12-31 11:00:18,076 INFO  [org.wildfly.extension.undertow] (ServerService Thread Pool -- 50) WFLYUT0014: Creating file handler for path 'C:\Users\Gamelas\Desktop\Universidade\3Ano\project-2---authentication-equipa_2\uap\keycloak-16.1.0/welcome-content' with options [directory-listing: 'false', follow-symlink: 'false', case-sensitive: 'true', safe-symlink-paths: '[]']
2021-12-31 11:00:18,099 INFO  [org.jboss.remoting] (MSC service thread 1-6) JBoss Remoting version 5.0.23.Final
2021-12-31 11:00:18,099 INFO  [org.jboss.as.ejb3] (MSC service thread 1-1) WFLYEJB0481: Strict pool slsb-strict-max-pool is using a max instance size of 192 (per class), which is derived from thread worker pool sizing.
2021-12-31 11:00:18,099 INFO  [org.jboss.as.ejb3] (MSC service thread 1-8) WFLYEJB0482: Strict pool mdb-strict-max-pool is using a max instance size of 48 (per class), which is derived from the number of CPUs on this host.
2021-12-31 11:00:18,113 INFO  [org.wildfly.extension.undertow] (MSC service thread 1-3) WFLYUT0012: Started server default-server.
2021-12-31 11:00:18,114 INFO  [org.wildfly.extension.undertow] (MSC service thread 1-1) Queuing requests.
2021-12-31 11:00:18,116 INFO  [org.wildfly.extension.undertow] (MSC service thread 1-1) WFLYUT0018: Host default-host starting
2021-12-31 11:00:18,161 INFO  [org.wildfly.extension.undertow] (MSC service thread 1-2) WFLYUT0006: Undertow HTTP listener default listening on 127.0.0.1:8080
2021-12-31 11:00:18,206 INFO  [org.wildfly.extension.undertow] (MSC service thread 1-2) WFLYUT0006: Undertow HTTPS listener https listening on 127.0.0.1:8443
2021-12-31 11:00:18,257 INFO  [org.jboss.as.patching] (MSC service thread 1-6) WFLYPAT0050: Keycloak cumulative patch ID is: base, one-off patches include: none
2021-12-31 11:00:18,260 INFO  [org.jboss.as.server.deployment.scanner] (MSC service thread 1-7) WFLYDS0013: Started FileSystemDeploymentService for directory C:\Users\Gamelas\Desktop\Universidade\3Ano\project-2---authentication-equipa_2\uap\keycloak-16.1.0\standalone\deployments
2021-12-31 11:00:18,269 INFO  [org.jboss.as.server.deployment] (MSC service thread 1-4) WFLYSRV0027: Starting deployment of "keycloak-server.war" (runtime-name: "keycloak-server.war")
2021-12-31 11:00:18,282 INFO  [org.jboss.as.ejb3] (MSC service thread 1-4) WFLYEJB0493: Jakarta Enterprise Beans subsystem suspension complete
2021-12-31 11:00:18,337 INFO  [org.jboss.as.connector.subsystems.datasources] (MSC service thread 1-1) WFLYJCA0001: Bound data source [java:jboss/datasources/KeycloakDS]
2021-12-31 11:00:18,337 INFO  [org.jboss.as.connector.subsystems.datasources] (MSC service thread 1-6) WFLYJCA0001: Bound data source [java:jboss/datasources/ExampleDS]
2021-12-31 11:00:18,944 INFO  [org.infinispan.CONTAINER] (ServerService Thread Pool -- 52) ISPN000128: Infinispan version: Infinispan 'Taedonggang' 12.1.7.Final
2021-12-31 11:00:18,974 INFO  [org.infinispan.CONFIG] (MSC service thread 1-5) ISPN000152: Passivation configured without an eviction policy being selected. Only manually evicted entities will be passivated.
2021-12-31 11:00:18,975 INFO  [org.infinispan.CONFIG] (MSC service thread 1-5) ISPN000152: Passivation configured without an eviction policy being selected. Only manually evicted entities will be passivated.
2021-12-31 11:00:19,004 INFO  [org.infinispan.CONTAINER] (ServerService Thread Pool -- 52) ISPN000556: Starting user marshaller 'org.wildfly.clustering.infinispan.marshalling.jboss.JBossMarshaller'
2021-12-31 11:00:19,004 INFO  [org.infinispan.CONTAINER] (ServerService Thread Pool -- 53) ISPN000556: Starting user marshaller 'org.wildfly.clustering.infinispan.spi.marshalling.InfinispanProtoStreamMarshaller'
2021-12-31 11:00:19,196 INFO  [org.jboss.as.clustering.infinispan] (ServerService Thread Pool -- 53) WFLYCLINF0002: Started http-remoting-connector cache from ejb container
2021-12-31 11:00:19,237 INFO  [org.jboss.as.clustering.infinispan] (ServerService Thread Pool -- 58) WFLYCLINF0002: Started loginFailures cache from keycloak container
2021-12-31 11:00:19,239 INFO  [org.jboss.as.clustering.infinispan] (ServerService Thread Pool -- 64) WFLYCLINF0002: Started work cache from keycloak container
2021-12-31 11:00:19,239 INFO  [org.jboss.as.clustering.infinispan] (ServerService Thread Pool -- 57) WFLYCLINF0002: Started sessions cache from keycloak container
2021-12-31 11:00:19,239 INFO  [org.jboss.as.clustering.infinispan] (ServerService Thread Pool -- 63) WFLYCLINF0002: Started clientSessions cache from keycloak container
2021-12-31 11:00:19,239 INFO  [org.jboss.as.clustering.infinispan] (ServerService Thread Pool -- 54) WFLYCLINF0002: Started offlineSessions cache from keycloak container
2021-12-31 11:00:19,239 INFO  [org.jboss.as.clustering.infinispan] (ServerService Thread Pool -- 56) WFLYCLINF0002: Started offlineClientSessions cache from keycloak container
2021-12-31 11:00:19,239 INFO  [org.jboss.as.clustering.infinispan] (ServerService Thread Pool -- 59) WFLYCLINF0002: Started actionTokens cache from keycloak container
2021-12-31 11:00:19,239 INFO  [org.jboss.as.clustering.infinispan] (ServerService Thread Pool -- 62) WFLYCLINF0002: Started authenticationSessions cache from keycloak container
2021-12-31 11:00:19,280 INFO  [org.jboss.as.clustering.infinispan] (ServerService Thread Pool -- 55) WFLYCLINF0002: Started users cache from keycloak container
2021-12-31 11:00:19,280 INFO  [org.jboss.as.clustering.infinispan] (ServerService Thread Pool -- 60) WFLYCLINF0002: Started authorization cache from keycloak container
2021-12-31 11:00:19,280 INFO  [org.jboss.as.clustering.infinispan] (ServerService Thread Pool -- 53) WFLYCLINF0002: Started realms cache from keycloak container
2021-12-31 11:00:19,280 INFO  [org.jboss.as.clustering.infinispan] (ServerService Thread Pool -- 61) WFLYCLINF0002: Started keys cache from keycloak container
2021-12-31 11:00:19,357 WARN  [org.jboss.as.server.deployment] (MSC service thread 1-7) WFLYSRV0273: Excluded subsystem webservices via jboss-deployment-structure.xml does not exist.
2021-12-31 11:00:19,579 INFO  [org.keycloak.services] (ServerService Thread Pool -- 53) KC-SERVICES0001: Loading config from standalone.xml or domain.xml
2021-12-31 11:00:19,647 INFO  [org.keycloak.url.DefaultHostnameProviderFactory] (ServerService Thread Pool -- 53) Frontend: <request>, Admin: <frontend>, Backend: <request>
2021-12-31 11:00:20,016 INFO  [org.jboss.as.clustering.infinispan] (ServerService Thread Pool -- 53) WFLYCLINF0002: Started realmRevisions cache from keycloak container
2021-12-31 11:00:20,020 INFO  [org.jboss.as.clustering.infinispan] (ServerService Thread Pool -- 53) WFLYCLINF0002: Started userRevisions cache from keycloak container
2021-12-31 11:00:20,024 INFO  [org.jboss.as.clustering.infinispan] (ServerService Thread Pool -- 53) WFLYCLINF0002: Started authorizationRevisions cache from keycloak container
2021-12-31 11:00:20,025 INFO  [org.keycloak.connections.infinispan.DefaultInfinispanConnectionProviderFactory] (ServerService Thread Pool -- 53) Node name: desktop-mri2uaq, Site name: null
2021-12-31 11:00:20,807 INFO  [org.keycloak.connections.jpa.DefaultJpaConnectionProviderFactory] (ServerService Thread Pool -- 53) Database info: {databaseUrl=jdbc:h2:C:\Users\Gamelas\Desktop\Universidade\3Ano\project-2---authentication-equipa_2\uap\keycloak-16.1.0\standalone\data/keycloak, databaseUser=SA, databaseProduct=H2 1.4.197 (2018-03-18), databaseDriver=H2 JDBC Driver 1.4.197 (2018-03-18)}
2021-12-31 11:00:21,523 INFO  [org.hibernate.jpa.internal.util.LogHelper] (ServerService Thread Pool -- 53) HHH000204: Processing PersistenceUnitInfo [
	name: keycloak-default
	...]
2021-12-31 11:00:21,568 INFO  [org.hibernate.Version] (ServerService Thread Pool -- 53) HHH000412: Hibernate Core {5.3.24.Final}
2021-12-31 11:00:21,569 INFO  [org.hibernate.cfg.Environment] (ServerService Thread Pool -- 53) HHH000206: hibernate.properties not found
2021-12-31 11:00:21,694 INFO  [org.hibernate.annotations.common.Version] (ServerService Thread Pool -- 53) HCANN000001: Hibernate Commons Annotations {5.0.5.Final}
2021-12-31 11:00:21,799 INFO  [org.hibernate.dialect.Dialect] (ServerService Thread Pool -- 53) HHH000400: Using dialect: org.hibernate.dialect.H2Dialect
2021-12-31 11:00:21,829 INFO  [org.hibernate.envers.boot.internal.EnversServiceImpl] (ServerService Thread Pool -- 53) Envers integration enabled? : true
2021-12-31 11:00:22,012 INFO  [org.hibernate.orm.beans] (ServerService Thread Pool -- 53) HHH10005002: No explicit CDI BeanManager reference was passed to Hibernate, but CDI is available on the Hibernate ClassLoader.
2021-12-31 11:00:22,171 INFO  [org.hibernate.validator.internal.util.Version] (ServerService Thread Pool -- 53) HV000001: Hibernate Validator 6.0.22.Final
2021-12-31 11:00:22,933 INFO  [org.hibernate.hql.internal.QueryTranslatorFactoryInitiator] (ServerService Thread Pool -- 53) HHH000397: Using ASTQueryTranslatorFactory
2021-12-31 11:00:23,963 INFO  [org.jboss.resteasy.resteasy_jaxrs.i18n] (ServerService Thread Pool -- 53) RESTEASY002225: Deploying javax.ws.rs.core.Application: class org.keycloak.services.resources.KeycloakApplication
2021-12-31 11:00:23,965 INFO  [org.jboss.resteasy.resteasy_jaxrs.i18n] (ServerService Thread Pool -- 53) RESTEASY002205: Adding provider class org.keycloak.services.filters.KeycloakSecurityHeadersFilter from Application class org.keycloak.services.resources.KeycloakApplication
2021-12-31 11:00:23,966 INFO  [org.jboss.resteasy.resteasy_jaxrs.i18n] (ServerService Thread Pool -- 53) RESTEASY002200: Adding class resource org.keycloak.services.resources.JsResource from Application class org.keycloak.services.resources.KeycloakApplication
2021-12-31 11:00:23,966 INFO  [org.jboss.resteasy.resteasy_jaxrs.i18n] (ServerService Thread Pool -- 53) RESTEASY002205: Adding provider class org.keycloak.services.error.KeycloakErrorHandler from Application class org.keycloak.services.resources.KeycloakApplication
2021-12-31 11:00:23,966 INFO  [org.jboss.resteasy.resteasy_jaxrs.i18n] (ServerService Thread Pool -- 53) RESTEASY002200: Adding class resource org.keycloak.services.resources.ThemeResource from Application class org.keycloak.services.resources.KeycloakApplication
2021-12-31 11:00:23,967 INFO  [org.jboss.resteasy.resteasy_jaxrs.i18n] (ServerService Thread Pool -- 53) RESTEASY002220: Adding singleton resource org.keycloak.services.resources.admin.AdminRoot from Application class org.keycloak.services.resources.KeycloakApplication
2021-12-31 11:00:23,967 INFO  [org.jboss.resteasy.resteasy_jaxrs.i18n] (ServerService Thread Pool -- 53) RESTEASY002220: Adding singleton resource org.keycloak.services.resources.WelcomeResource from Application class org.keycloak.services.resources.KeycloakApplication
2021-12-31 11:00:23,967 INFO  [org.jboss.resteasy.resteasy_jaxrs.i18n] (ServerService Thread Pool -- 53) RESTEASY002220: Adding singleton resource org.keycloak.services.resources.RealmsResource from Application class org.keycloak.services.resources.KeycloakApplication
2021-12-31 11:00:23,967 INFO  [org.jboss.resteasy.resteasy_jaxrs.i18n] (ServerService Thread Pool -- 53) RESTEASY002220: Adding singleton resource org.keycloak.services.resources.RobotsResource from Application class org.keycloak.services.resources.KeycloakApplication
2021-12-31 11:00:23,968 INFO  [org.jboss.resteasy.resteasy_jaxrs.i18n] (ServerService Thread Pool -- 53) RESTEASY002210: Adding provider singleton org.keycloak.services.util.ObjectMapperResolver from Application class org.keycloak.services.resources.KeycloakApplication
2021-12-31 11:00:24,049 INFO  [org.wildfly.extension.undertow] (ServerService Thread Pool -- 53) WFLYUT0021: Registered web context: '/auth' for server 'default-server'
2021-12-31 11:00:24,102 INFO  [org.jboss.as.server] (ServerService Thread Pool -- 42) WFLYSRV0010: Deployed "keycloak-server.war" (runtime-name : "keycloak-server.war")
2021-12-31 11:00:24,138 INFO  [org.jboss.as.server] (Controller Boot Thread) WFLYSRV0212: Resuming server
2021-12-31 11:00:24,142 INFO  [org.jboss.as] (Controller Boot Thread) WFLYSRV0025: Keycloak 16.1.0 (WildFly Core 18.0.0.Final) started in 8080ms - Started 573 of 851 services (576 services are lazy, passive or on-demand)
2021-12-31 11:00:24,147 INFO  [org.jboss.as] (Controller Boot Thread) WFLYSRV0060: Http management interface listening on http://127.0.0.1:9990/management
2021-12-31 11:00:24,148 INFO  [org.jboss.as] (Controller Boot Thread) WFLYSRV0051: Admin console listening on http://127.0.0.1:9990
2021-12-31 11:01:24,794 INFO  [org.jboss.as.server] (Thread-1) WFLYSRV0272: Suspending server
2021-12-31 11:01:24,795 INFO  [org.jboss.as.ejb3] (Thread-1) WFLYEJB0493: Jakarta Enterprise Beans subsystem suspension complete
2021-12-31 11:01:24,798 INFO  [org.jboss.as.server] (Thread-1) WFLYSRV0220: Server shutdown has been requested via an OS signal
2021-12-31 11:01:24,804 INFO  [org.jboss.as.connector.subsystems.datasources] (MSC service thread 1-1) WFLYJCA0010: Unbound data source [java:jboss/datasources/KeycloakDS]
2021-12-31 11:01:24,805 INFO  [org.jboss.as.mail.extension] (MSC service thread 1-7) WFLYMAIL0002: Unbound mail session [java:jboss/mail/Default]
2021-12-31 11:01:24,806 INFO  [org.wildfly.extension.undertow] (MSC service thread 1-8) WFLYUT0008: Undertow HTTPS listener https suspending
2021-12-31 11:01:24,807 INFO  [org.wildfly.extension.undertow] (MSC service thread 1-8) WFLYUT0007: Undertow HTTPS listener https stopped, was bound to 127.0.0.1:8443
2021-12-31 11:01:24,807 INFO  [org.wildfly.extension.undertow] (ServerService Thread Pool -- 67) WFLYUT0022: Unregistered web context: '/auth' from server 'default-server'
2021-12-31 11:01:24,813 INFO  [org.jboss.as.connector.subsystems.datasources] (MSC service thread 1-7) WFLYJCA0010: Unbound data source [java:jboss/datasources/ExampleDS]
2021-12-31 11:01:24,813 INFO  [org.wildfly.extension.undertow] (MSC service thread 1-2) WFLYUT0019: Host default-host stopping
2021-12-31 11:01:24,813 INFO  [org.jboss.as.connector.deployers.jdbc] (MSC service thread 1-6) WFLYJCA0019: Stopped Driver service with driver-name = h2
2021-12-31 11:01:24,816 INFO  [org.jboss.as.clustering.infinispan] (ServerService Thread Pool -- 69) WFLYCLINF0003: Stopped authenticationSessions cache from keycloak container
2021-12-31 11:01:24,816 INFO  [org.jboss.as.server.deployment] (MSC service thread 1-2) WFLYSRV0028: Stopped deployment keycloak-server.war (runtime-name: keycloak-server.war) in 16ms
2021-12-31 11:01:24,817 INFO  [org.jboss.as.clustering.infinispan] (ServerService Thread Pool -- 68) WFLYCLINF0003: Stopped offlineSessions cache from keycloak container
2021-12-31 11:01:24,817 INFO  [org.jboss.as.clustering.infinispan] (ServerService Thread Pool -- 71) WFLYCLINF0003: Stopped loginFailures cache from keycloak container
2021-12-31 11:01:24,818 INFO  [org.jboss.as.clustering.infinispan] (ServerService Thread Pool -- 73) WFLYCLINF0003: Stopped sessions cache from keycloak container
2021-12-31 11:01:24,818 INFO  [org.jboss.as.clustering.infinispan] (ServerService Thread Pool -- 75) WFLYCLINF0003: Stopped actionTokens cache from keycloak container
2021-12-31 11:01:24,818 INFO  [org.jboss.as.clustering.infinispan] (ServerService Thread Pool -- 77) WFLYCLINF0003: Stopped work cache from keycloak container
2021-12-31 11:01:24,818 INFO  [org.jboss.as.clustering.infinispan] (ServerService Thread Pool -- 74) WFLYCLINF0003: Stopped offlineClientSessions cache from keycloak container
2021-12-31 11:01:24,818 INFO  [org.jboss.as.clustering.infinispan] (ServerService Thread Pool -- 72) WFLYCLINF0003: Stopped clientSessions cache from keycloak container
2021-12-31 11:01:24,819 INFO  [org.jboss.as.clustering.infinispan] (ServerService Thread Pool -- 70) WFLYCLINF0003: Stopped authorization cache from keycloak container
2021-12-31 11:01:24,819 INFO  [org.jboss.as.clustering.infinispan] (ServerService Thread Pool -- 76) WFLYCLINF0003: Stopped keys cache from keycloak container
2021-12-31 11:01:24,819 INFO  [org.jboss.as.clustering.infinispan] (ServerService Thread Pool -- 78) WFLYCLINF0003: Stopped users cache from keycloak container
2021-12-31 11:01:24,820 INFO  [org.wildfly.extension.undertow] (MSC service thread 1-7) WFLYUT0008: Undertow HTTP listener default suspending
2021-12-31 11:01:24,820 INFO  [org.wildfly.extension.undertow] (MSC service thread 1-7) WFLYUT0007: Undertow HTTP listener default stopped, was bound to 127.0.0.1:8080
2021-12-31 11:01:24,821 INFO  [org.wildfly.extension.undertow] (MSC service thread 1-5) WFLYUT0004: Undertow 2.2.14.Final stopping
2021-12-31 11:01:24,822 INFO  [org.jboss.as.clustering.infinispan] (ServerService Thread Pool -- 76) WFLYCLINF0003: Stopped http-remoting-connector cache from ejb container
2021-12-31 11:01:24,823 INFO  [org.jboss.as.clustering.infinispan] (ServerService Thread Pool -- 53) WFLYCLINF0003: Stopped realms cache from keycloak container
2021-12-31 11:01:24,824 INFO  [org.infinispan.manager.DefaultCacheManager] (ServerService Thread Pool -- 76) Stopping cache manager null on null
2021-12-31 11:01:24,825 INFO  [org.infinispan.manager.DefaultCacheManager] (ServerService Thread Pool -- 53) Stopping cache manager null on null
2021-12-31 11:01:24,830 INFO  [org.jboss.as] (MSC service thread 1-7) WFLYSRV0050: Keycloak 16.1.0 (WildFly Core 18.0.0.Final) stopped in 30ms
2021-12-31 13:56:34,838 INFO  [org.jboss.modules] (main) JBoss Modules version 2.0.0.Final
2021-12-31 13:56:35,146 INFO  [org.jboss.msc] (main) JBoss MSC version 1.4.13.Final
2021-12-31 13:56:35,151 INFO  [org.jboss.threads] (main) JBoss Threads version 2.4.0.Final
2021-12-31 13:56:35,218 INFO  [org.jboss.as] (MSC service thread 1-2) WFLYSRV0049: Keycloak 16.1.0 (WildFly Core 18.0.0.Final) starting
2021-12-31 13:56:35,219 DEBUG [org.jboss.as.config] (MSC service thread 1-2) Configured system properties:
	file.encoding = Cp1252
	file.separator = \
	java.awt.headless = true
	java.class.path = C:\Users\Gamelas\Desktop\Universidade\3Ano\project-2---authentication-equipa_2\uap\keycloak-16.1.0\jboss-modules.jar
	java.class.version = 61.0
	java.home = C:\Program Files\Java\jdk-17.0.1
	java.io.tmpdir = C:\Users\Gamelas\AppData\Local\Temp\
	java.library.path = C:\Program Files\Java\jdk-17.0.1\bin;C:\WINDOWS\Sun\Java\bin;C:\WINDOWS\system32;C:\WINDOWS;C:\Program Files\Common Files\Oracle\Java\javapath;C:\Program Files (x86)\Common Files\Oracle\Java\javapath;C:\WINDOWS\system32;C:\WINDOWS;C:\WINDOWS\System32\Wbem;C:\WINDOWS\System32\WindowsPowerShell\v1.0\;C:\WINDOWS\System32\OpenSSH\;C:\xampp\php;C:\ProgramData\ComposerSetup\bin;C:\Program Files\Git\cmd;C:\Program Files\nodejs\;C:\Program Files\NVIDIA Corporation\NVIDIA NvDLISR;C:\Program Files (x86)\NVIDIA Corporation\PhysX\Common;C:\Program Files\Portugal Identity Card\;C:\Users\Gamelas\AppData\Local\Programs\Python\Python310\Scripts\;C:\Users\Gamelas\AppData\Local\Programs\Python\Python310\;C:\Users\Gamelas\AppData\Local\Microsoft\WindowsApps;C:\Users\Gamelas\AppData\Local\Programs\Microsoft VS Code\bin;C:\Users\Gamelas\AppData\Roaming\Composer\vendor\bin;C:\Users\Gamelas\AppData\Local\Programs\MiKTeX\miktex\bin\x64\;C:\Users\Gamelas\AppData\Roaming\npm;C:\Users\Gamelas\AppData\Local\GitHubDesktop\bin;.
	java.net.preferIPv4Stack = true
	java.runtime.name = Java(TM) SE Runtime Environment
	java.runtime.version = 17.0.1+12-LTS-39
	java.specification.name = Java Platform API Specification
	java.specification.vendor = Oracle Corporation
	java.specification.version = 17
	java.util.logging.manager = org.jboss.logmanager.LogManager
	java.vendor = Oracle Corporation
	java.vendor.url = https://java.oracle.com/
	java.vendor.url.bug = https://bugreport.java.com/bugreport/
	java.version = 17.0.1
	java.version.date = 2021-10-19
	java.vm.compressedOopsMode = 32-bit
	java.vm.info = mixed mode, sharing
	java.vm.name = Java HotSpot(TM) 64-Bit Server VM
	java.vm.specification.name = Java Virtual Machine Specification
	java.vm.specification.vendor = Oracle Corporation
	java.vm.specification.version = 17
	java.vm.vendor = Oracle Corporation
	java.vm.version = 17.0.1+12-LTS-39
	javax.management.builder.initial = org.jboss.as.jmx.PluggableMBeanServerBuilder
	jboss.home.dir = C:\Users\Gamelas\Desktop\Universidade\3Ano\project-2---authentication-equipa_2\uap\keycloak-16.1.0
	jboss.host.name = desktop-mri2uaq
	jboss.modules.dir = C:\Users\Gamelas\Desktop\Universidade\3Ano\project-2---authentication-equipa_2\uap\keycloak-16.1.0\modules
	jboss.modules.system.pkgs = org.jboss.byteman
	jboss.node.name = desktop-mri2uaq
	jboss.qualified.host.name = desktop-mri2uaq
	jboss.server.base.dir = C:\Users\Gamelas\Desktop\Universidade\3Ano\project-2---authentication-equipa_2\uap\keycloak-16.1.0\standalone
	jboss.server.config.dir = C:\Users\Gamelas\Desktop\Universidade\3Ano\project-2---authentication-equipa_2\uap\keycloak-16.1.0\standalone\configuration
	jboss.server.data.dir = C:\Users\Gamelas\Desktop\Universidade\3Ano\project-2---authentication-equipa_2\uap\keycloak-16.1.0\standalone\data
	jboss.server.deploy.dir = C:\Users\Gamelas\Desktop\Universidade\3Ano\project-2---authentication-equipa_2\uap\keycloak-16.1.0\standalone\data\content
	jboss.server.log.dir = C:\Users\Gamelas\Desktop\Universidade\3Ano\project-2---authentication-equipa_2\uap\keycloak-16.1.0\standalone\log
	jboss.server.name = desktop-mri2uaq
	jboss.server.persist.config = true
	jboss.server.temp.dir = C:\Users\Gamelas\Desktop\Universidade\3Ano\project-2---authentication-equipa_2\uap\keycloak-16.1.0\standalone\tmp
	jdk.debug = release
	line.separator = 

	logging.configuration = file:C:\Users\Gamelas\Desktop\Universidade\3Ano\project-2---authentication-equipa_2\uap\keycloak-16.1.0\standalone\configuration/logging.properties
	module.path = C:\Users\Gamelas\Desktop\Universidade\3Ano\project-2---authentication-equipa_2\uap\keycloak-16.1.0\modules
	native.encoding = Cp1252
	org.jboss.boot.log.file = C:\Users\Gamelas\Desktop\Universidade\3Ano\project-2---authentication-equipa_2\uap\keycloak-16.1.0\standalone\log\server.log
	org.jboss.resolver.warning = true
	os.arch = amd64
	os.name = Windows 10
	os.version = 10.0
	path.separator = ;
	program.name = standalone.bat
	sun.arch.data.model = 64
	sun.boot.library.path = C:\Program Files\Java\jdk-17.0.1\bin
	sun.cpu.endian = little
	sun.cpu.isalist = amd64
	sun.io.unicode.encoding = UnicodeLittle
	sun.java.command = C:\Users\Gamelas\Desktop\Universidade\3Ano\project-2---authentication-equipa_2\uap\keycloak-16.1.0\jboss-modules.jar -mp C:\Users\Gamelas\Desktop\Universidade\3Ano\project-2---authentication-equipa_2\uap\keycloak-16.1.0\modules org.jboss.as.standalone -Djboss.home.dir=C:\Users\Gamelas\Desktop\Universidade\3Ano\project-2---authentication-equipa_2\uap\keycloak-16.1.0
	sun.java.launcher = SUN_STANDARD
	sun.jnu.encoding = Cp1252
	sun.management.compiler = HotSpot 64-Bit Tiered Compilers
	sun.os.patch.level = 
	sun.stderr.encoding = cp850
	sun.stdout.encoding = cp850
	user.country = PT
	user.dir = C:\Users\Gamelas\Desktop\Universidade\3Ano\project-2---authentication-equipa_2\uap\keycloak-16.1.0\bin
	user.home = C:\Users\Gamelas
	user.language = pt
	user.name = Gamelas
	user.script = 
	user.timezone = Europe/Lisbon
	user.variant = 
2021-12-31 13:56:35,221 DEBUG [org.jboss.as.config] (MSC service thread 1-2) VM Arguments: -Dprogram.name=standalone.bat -Xms64M -Xmx512M -XX:MetaspaceSize=96M -XX:MaxMetaspaceSize=256m -Djava.net.preferIPv4Stack=true -Djboss.modules.system.pkgs=org.jboss.byteman -Djava.awt.headless=true --add-exports=java.desktop/sun.awt=ALL-UNNAMED --add-exports=java.naming/com.sun.jndi.ldap=ALL-UNNAMED --add-opens=java.base/java.lang=ALL-UNNAMED --add-opens=java.base/java.lang.invoke=ALL-UNNAMED --add-opens=java.base/java.io=ALL-UNNAMED --add-opens=java.base/java.lang.reflect=ALL-UNNAMED --add-opens=java.base/java.security=ALL-UNNAMED --add-opens=java.base/java.util=ALL-UNNAMED --add-opens=java.base/java.util.concurrent=ALL-UNNAMED --add-opens=java.management/javax.management=ALL-UNNAMED --add-opens=java.naming/javax.naming=ALL-UNNAMED -Dorg.jboss.boot.log.file=C:\Users\Gamelas\Desktop\Universidade\3Ano\project-2---authentication-equipa_2\uap\keycloak-16.1.0\standalone\log\server.log -Dlogging.configuration=file:C:\Users\Gamelas\Desktop\Universidade\3Ano\project-2---authentication-equipa_2\uap\keycloak-16.1.0\standalone\configuration/logging.properties 
2021-12-31 13:56:35,628 INFO  [org.wildfly.security] (ServerService Thread Pool -- 19) ELY00001: WildFly Elytron version 1.18.1.Final
2021-12-31 13:56:36,079 INFO  [org.jboss.as.server] (Controller Boot Thread) WFLYSRV0039: Creating http management service using socket-binding (management-http)
2021-12-31 13:56:36,091 INFO  [org.xnio] (MSC service thread 1-8) XNIO version 3.8.5.Final
2021-12-31 13:56:36,097 INFO  [org.xnio.nio] (MSC service thread 1-8) XNIO NIO Implementation Version 3.8.5.Final
2021-12-31 13:56:36,113 INFO  [org.jboss.as.jaxrs] (ServerService Thread Pool -- 38) WFLYRS0016: RESTEasy version 4.7.4.Final
2021-12-31 13:56:36,118 WARN  [org.jboss.as.txn] (ServerService Thread Pool -- 49) WFLYTX0013: The node-identifier attribute on the /subsystem=transactions is set to the default value. This is a danger for environments running multiple servers. Please make sure the attribute value is unique.
2021-12-31 13:56:36,120 INFO  [org.wildfly.extension.health] (ServerService Thread Pool -- 35) WFLYHEALTH0001: Activating Base Health Subsystem
2021-12-31 13:56:36,125 INFO  [org.jboss.as.clustering.infinispan] (ServerService Thread Pool -- 36) WFLYCLINF0001: Activating Infinispan subsystem.
2021-12-31 13:56:36,134 INFO  [org.wildfly.extension.metrics] (ServerService Thread Pool -- 44) WFLYMETRICS0001: Activating Base Metrics Subsystem
2021-12-31 13:56:36,141 INFO  [org.jboss.as.naming] (ServerService Thread Pool -- 45) WFLYNAM0001: Activating Naming Subsystem
2021-12-31 13:56:36,201 INFO  [org.wildfly.extension.undertow] (MSC service thread 1-3) WFLYUT0003: Undertow 2.2.14.Final starting
2021-12-31 13:56:36,208 INFO  [org.jboss.as.connector] (MSC service thread 1-1) WFLYJCA0009: Starting Jakarta Connectors Subsystem (WildFly/IronJacamar 1.5.3.Final)
2021-12-31 13:56:36,214 INFO  [org.jboss.as.connector.subsystems.datasources] (ServerService Thread Pool -- 30) WFLYJCA0004: Deploying JDBC-compliant driver class org.h2.Driver (version 1.4)
2021-12-31 13:56:36,223 WARN  [org.wildfly.clustering.web.undertow] (ServerService Thread Pool -- 50) WFLYCLWEBUT0007: No routing provider found for default-server; using legacy provider based on static configuration
2021-12-31 13:56:36,228 INFO  [org.jboss.as.connector.deployers.jdbc] (MSC service thread 1-2) WFLYJCA0018: Started Driver service with driver-name = h2
2021-12-31 13:56:36,229 INFO  [org.jboss.as.naming] (MSC service thread 1-7) WFLYNAM0003: Starting Naming Service
2021-12-31 13:56:36,239 INFO  [org.jboss.as.mail.extension] (MSC service thread 1-6) WFLYMAIL0001: Bound mail session [java:jboss/mail/Default]
2021-12-31 13:56:36,250 WARN  [org.wildfly.extension.elytron] (MSC service thread 1-3) WFLYELY00023: KeyStore file 'C:\Users\Gamelas\Desktop\Universidade\3Ano\project-2---authentication-equipa_2\uap\keycloak-16.1.0\standalone\configuration\application.keystore' does not exist. Used blank.
2021-12-31 13:56:36,263 INFO  [org.wildfly.extension.io] (ServerService Thread Pool -- 37) WFLYIO001: Worker 'default' has auto-configured to 24 IO threads with 192 max task threads based on your 12 available processors
2021-12-31 13:56:36,277 WARN  [org.wildfly.extension.elytron] (MSC service thread 1-2) WFLYELY01084: KeyStore C:\Users\Gamelas\Desktop\Universidade\3Ano\project-2---authentication-equipa_2\uap\keycloak-16.1.0\standalone\configuration\application.keystore not found, it will be auto generated on first use with a self-signed certificate for host localhost
2021-12-31 13:56:36,301 INFO  [org.wildfly.extension.undertow] (ServerService Thread Pool -- 50) WFLYUT0014: Creating file handler for path 'C:\Users\Gamelas\Desktop\Universidade\3Ano\project-2---authentication-equipa_2\uap\keycloak-16.1.0/welcome-content' with options [directory-listing: 'false', follow-symlink: 'false', case-sensitive: 'true', safe-symlink-paths: '[]']
2021-12-31 13:56:36,335 INFO  [org.jboss.remoting] (MSC service thread 1-8) JBoss Remoting version 5.0.23.Final
2021-12-31 13:56:36,354 INFO  [org.jboss.as.ejb3] (MSC service thread 1-7) WFLYEJB0481: Strict pool slsb-strict-max-pool is using a max instance size of 192 (per class), which is derived from thread worker pool sizing.
2021-12-31 13:56:36,354 INFO  [org.jboss.as.ejb3] (MSC service thread 1-5) WFLYEJB0482: Strict pool mdb-strict-max-pool is using a max instance size of 48 (per class), which is derived from the number of CPUs on this host.
2021-12-31 13:56:36,356 INFO  [org.wildfly.extension.undertow] (MSC service thread 1-1) WFLYUT0012: Started server default-server.
2021-12-31 13:56:36,357 INFO  [org.wildfly.extension.undertow] (MSC service thread 1-1) Queuing requests.
2021-12-31 13:56:36,360 INFO  [org.wildfly.extension.undertow] (MSC service thread 1-1) WFLYUT0018: Host default-host starting
2021-12-31 13:56:36,391 INFO  [org.wildfly.extension.undertow] (MSC service thread 1-5) WFLYUT0006: Undertow HTTP listener default listening on 127.0.0.1:8080
2021-12-31 13:56:36,452 INFO  [org.wildfly.extension.undertow] (MSC service thread 1-8) WFLYUT0006: Undertow HTTPS listener https listening on 127.0.0.1:8443
2021-12-31 13:56:36,494 INFO  [org.jboss.as.patching] (MSC service thread 1-2) WFLYPAT0050: Keycloak cumulative patch ID is: base, one-off patches include: none
2021-12-31 13:56:36,497 INFO  [org.jboss.as.server.deployment.scanner] (MSC service thread 1-7) WFLYDS0013: Started FileSystemDeploymentService for directory C:\Users\Gamelas\Desktop\Universidade\3Ano\project-2---authentication-equipa_2\uap\keycloak-16.1.0\standalone\deployments
2021-12-31 13:56:36,504 INFO  [org.jboss.as.server.deployment] (MSC service thread 1-8) WFLYSRV0027: Starting deployment of "keycloak-server.war" (runtime-name: "keycloak-server.war")
2021-12-31 13:56:36,513 INFO  [org.jboss.as.ejb3] (MSC service thread 1-8) WFLYEJB0493: Jakarta Enterprise Beans subsystem suspension complete
2021-12-31 13:56:36,564 INFO  [org.jboss.as.connector.subsystems.datasources] (MSC service thread 1-7) WFLYJCA0001: Bound data source [java:jboss/datasources/ExampleDS]
2021-12-31 13:56:36,564 INFO  [org.jboss.as.connector.subsystems.datasources] (MSC service thread 1-4) WFLYJCA0001: Bound data source [java:jboss/datasources/KeycloakDS]
2021-12-31 13:56:37,131 INFO  [org.infinispan.CONTAINER] (ServerService Thread Pool -- 53) ISPN000128: Infinispan version: Infinispan 'Taedonggang' 12.1.7.Final
2021-12-31 13:56:37,159 INFO  [org.infinispan.CONFIG] (MSC service thread 1-4) ISPN000152: Passivation configured without an eviction policy being selected. Only manually evicted entities will be passivated.
2021-12-31 13:56:37,160 INFO  [org.infinispan.CONFIG] (MSC service thread 1-4) ISPN000152: Passivation configured without an eviction policy being selected. Only manually evicted entities will be passivated.
2021-12-31 13:56:37,185 INFO  [org.infinispan.CONTAINER] (ServerService Thread Pool -- 53) ISPN000556: Starting user marshaller 'org.wildfly.clustering.infinispan.spi.marshalling.InfinispanProtoStreamMarshaller'
2021-12-31 13:56:37,185 INFO  [org.infinispan.CONTAINER] (ServerService Thread Pool -- 52) ISPN000556: Starting user marshaller 'org.wildfly.clustering.infinispan.marshalling.jboss.JBossMarshaller'
2021-12-31 13:56:37,383 INFO  [org.jboss.as.clustering.infinispan] (ServerService Thread Pool -- 53) WFLYCLINF0002: Started http-remoting-connector cache from ejb container
2021-12-31 13:56:37,423 INFO  [org.jboss.as.clustering.infinispan] (ServerService Thread Pool -- 58) WFLYCLINF0002: Started work cache from keycloak container
2021-12-31 13:56:37,423 INFO  [org.jboss.as.clustering.infinispan] (ServerService Thread Pool -- 55) WFLYCLINF0002: Started clientSessions cache from keycloak container
2021-12-31 13:56:37,423 INFO  [org.jboss.as.clustering.infinispan] (ServerService Thread Pool -- 56) WFLYCLINF0002: Started authenticationSessions cache from keycloak container
2021-12-31 13:56:37,424 INFO  [org.jboss.as.clustering.infinispan] (ServerService Thread Pool -- 52) WFLYCLINF0002: Started loginFailures cache from keycloak container
2021-12-31 13:56:37,424 INFO  [org.jboss.as.clustering.infinispan] (ServerService Thread Pool -- 64) WFLYCLINF0002: Started offlineClientSessions cache from keycloak container
2021-12-31 13:56:37,424 INFO  [org.jboss.as.clustering.infinispan] (ServerService Thread Pool -- 62) WFLYCLINF0002: Started offlineSessions cache from keycloak container
2021-12-31 13:56:37,424 INFO  [org.jboss.as.clustering.infinispan] (ServerService Thread Pool -- 54) WFLYCLINF0002: Started actionTokens cache from keycloak container
2021-12-31 13:56:37,424 INFO  [org.jboss.as.clustering.infinispan] (ServerService Thread Pool -- 59) WFLYCLINF0002: Started sessions cache from keycloak container
2021-12-31 13:56:37,468 INFO  [org.jboss.as.clustering.infinispan] (ServerService Thread Pool -- 61) WFLYCLINF0002: Started authorization cache from keycloak container
2021-12-31 13:56:37,468 INFO  [org.jboss.as.clustering.infinispan] (ServerService Thread Pool -- 57) WFLYCLINF0002: Started realms cache from keycloak container
2021-12-31 13:56:37,468 INFO  [org.jboss.as.clustering.infinispan] (ServerService Thread Pool -- 60) WFLYCLINF0002: Started users cache from keycloak container
2021-12-31 13:56:37,468 INFO  [org.jboss.as.clustering.infinispan] (ServerService Thread Pool -- 63) WFLYCLINF0002: Started keys cache from keycloak container
2021-12-31 13:56:37,533 WARN  [org.jboss.as.server.deployment] (MSC service thread 1-2) WFLYSRV0273: Excluded subsystem webservices via jboss-deployment-structure.xml does not exist.
2021-12-31 13:56:37,733 INFO  [org.keycloak.services] (ServerService Thread Pool -- 60) KC-SERVICES0001: Loading config from standalone.xml or domain.xml
2021-12-31 13:56:38,007 INFO  [org.keycloak.url.DefaultHostnameProviderFactory] (ServerService Thread Pool -- 60) Frontend: <request>, Admin: <frontend>, Backend: <request>
2021-12-31 13:56:38,082 INFO  [org.jboss.as.clustering.infinispan] (ServerService Thread Pool -- 60) WFLYCLINF0002: Started realmRevisions cache from keycloak container
2021-12-31 13:56:38,086 INFO  [org.jboss.as.clustering.infinispan] (ServerService Thread Pool -- 60) WFLYCLINF0002: Started userRevisions cache from keycloak container
2021-12-31 13:56:38,091 INFO  [org.jboss.as.clustering.infinispan] (ServerService Thread Pool -- 60) WFLYCLINF0002: Started authorizationRevisions cache from keycloak container
2021-12-31 13:56:38,091 INFO  [org.keycloak.connections.infinispan.DefaultInfinispanConnectionProviderFactory] (ServerService Thread Pool -- 60) Node name: desktop-mri2uaq, Site name: null
2021-12-31 13:56:38,862 INFO  [org.keycloak.connections.jpa.DefaultJpaConnectionProviderFactory] (ServerService Thread Pool -- 60) Database info: {databaseUrl=jdbc:h2:C:\Users\Gamelas\Desktop\Universidade\3Ano\project-2---authentication-equipa_2\uap\keycloak-16.1.0\standalone\data/keycloak, databaseUser=SA, databaseProduct=H2 1.4.197 (2018-03-18), databaseDriver=H2 JDBC Driver 1.4.197 (2018-03-18)}
2021-12-31 13:56:39,586 INFO  [org.hibernate.jpa.internal.util.LogHelper] (ServerService Thread Pool -- 60) HHH000204: Processing PersistenceUnitInfo [
	name: keycloak-default
	...]
2021-12-31 13:56:39,630 INFO  [org.hibernate.Version] (ServerService Thread Pool -- 60) HHH000412: Hibernate Core {5.3.24.Final}
2021-12-31 13:56:39,631 INFO  [org.hibernate.cfg.Environment] (ServerService Thread Pool -- 60) HHH000206: hibernate.properties not found
2021-12-31 13:56:39,737 INFO  [org.hibernate.annotations.common.Version] (ServerService Thread Pool -- 60) HCANN000001: Hibernate Commons Annotations {5.0.5.Final}
2021-12-31 13:56:39,839 INFO  [org.hibernate.dialect.Dialect] (ServerService Thread Pool -- 60) HHH000400: Using dialect: org.hibernate.dialect.H2Dialect
2021-12-31 13:56:39,869 INFO  [org.hibernate.envers.boot.internal.EnversServiceImpl] (ServerService Thread Pool -- 60) Envers integration enabled? : true
2021-12-31 13:56:40,052 INFO  [org.hibernate.orm.beans] (ServerService Thread Pool -- 60) HHH10005002: No explicit CDI BeanManager reference was passed to Hibernate, but CDI is available on the Hibernate ClassLoader.
2021-12-31 13:56:40,220 INFO  [org.hibernate.validator.internal.util.Version] (ServerService Thread Pool -- 60) HV000001: Hibernate Validator 6.0.22.Final
2021-12-31 13:56:40,890 INFO  [org.hibernate.hql.internal.QueryTranslatorFactoryInitiator] (ServerService Thread Pool -- 60) HHH000397: Using ASTQueryTranslatorFactory
2021-12-31 13:56:41,530 INFO  [org.jboss.resteasy.resteasy_jaxrs.i18n] (ServerService Thread Pool -- 60) RESTEASY002225: Deploying javax.ws.rs.core.Application: class org.keycloak.services.resources.KeycloakApplication
2021-12-31 13:56:41,531 INFO  [org.jboss.resteasy.resteasy_jaxrs.i18n] (ServerService Thread Pool -- 60) RESTEASY002205: Adding provider class org.keycloak.services.error.KeycloakErrorHandler from Application class org.keycloak.services.resources.KeycloakApplication
2021-12-31 13:56:41,532 INFO  [org.jboss.resteasy.resteasy_jaxrs.i18n] (ServerService Thread Pool -- 60) RESTEASY002200: Adding class resource org.keycloak.services.resources.ThemeResource from Application class org.keycloak.services.resources.KeycloakApplication
2021-12-31 13:56:41,532 INFO  [org.jboss.resteasy.resteasy_jaxrs.i18n] (ServerService Thread Pool -- 60) RESTEASY002200: Adding class resource org.keycloak.services.resources.JsResource from Application class org.keycloak.services.resources.KeycloakApplication
2021-12-31 13:56:41,533 INFO  [org.jboss.resteasy.resteasy_jaxrs.i18n] (ServerService Thread Pool -- 60) RESTEASY002205: Adding provider class org.keycloak.services.filters.KeycloakSecurityHeadersFilter from Application class org.keycloak.services.resources.KeycloakApplication
2021-12-31 13:56:41,533 INFO  [org.jboss.resteasy.resteasy_jaxrs.i18n] (ServerService Thread Pool -- 60) RESTEASY002220: Adding singleton resource org.keycloak.services.resources.RobotsResource from Application class org.keycloak.services.resources.KeycloakApplication
2021-12-31 13:56:41,533 INFO  [org.jboss.resteasy.resteasy_jaxrs.i18n] (ServerService Thread Pool -- 60) RESTEASY002220: Adding singleton resource org.keycloak.services.resources.WelcomeResource from Application class org.keycloak.services.resources.KeycloakApplication
2021-12-31 13:56:41,533 INFO  [org.jboss.resteasy.resteasy_jaxrs.i18n] (ServerService Thread Pool -- 60) RESTEASY002220: Adding singleton resource org.keycloak.services.resources.RealmsResource from Application class org.keycloak.services.resources.KeycloakApplication
2021-12-31 13:56:41,534 INFO  [org.jboss.resteasy.resteasy_jaxrs.i18n] (ServerService Thread Pool -- 60) RESTEASY002220: Adding singleton resource org.keycloak.services.resources.admin.AdminRoot from Application class org.keycloak.services.resources.KeycloakApplication
2021-12-31 13:56:41,534 INFO  [org.jboss.resteasy.resteasy_jaxrs.i18n] (ServerService Thread Pool -- 60) RESTEASY002210: Adding provider singleton org.keycloak.services.util.ObjectMapperResolver from Application class org.keycloak.services.resources.KeycloakApplication
2021-12-31 13:56:41,589 INFO  [org.wildfly.extension.undertow] (ServerService Thread Pool -- 60) WFLYUT0021: Registered web context: '/auth' for server 'default-server'
2021-12-31 13:56:41,638 INFO  [org.jboss.as.server] (ServerService Thread Pool -- 42) WFLYSRV0010: Deployed "keycloak-server.war" (runtime-name : "keycloak-server.war")
2021-12-31 13:56:41,663 INFO  [org.jboss.as.server] (Controller Boot Thread) WFLYSRV0212: Resuming server
2021-12-31 13:56:41,665 INFO  [org.jboss.as] (Controller Boot Thread) WFLYSRV0025: Keycloak 16.1.0 (WildFly Core 18.0.0.Final) started in 7053ms - Started 573 of 851 services (576 services are lazy, passive or on-demand)
2021-12-31 13:56:41,667 INFO  [org.jboss.as] (Controller Boot Thread) WFLYSRV0060: Http management interface listening on http://127.0.0.1:9990/management
2021-12-31 13:56:41,667 INFO  [org.jboss.as] (Controller Boot Thread) WFLYSRV0051: Admin console listening on http://127.0.0.1:9990
2021-12-31 15:09:47,406 INFO  [org.jboss.as.server] (Thread-1) WFLYSRV0272: Suspending server
2021-12-31 15:09:47,408 INFO  [org.jboss.as.ejb3] (Thread-1) WFLYEJB0493: Jakarta Enterprise Beans subsystem suspension complete
2021-12-31 15:09:47,409 INFO  [org.jboss.as.server] (Thread-1) WFLYSRV0220: Server shutdown has been requested via an OS signal
2021-12-31 15:09:47,417 INFO  [org.jboss.as.connector.subsystems.datasources] (MSC service thread 1-7) WFLYJCA0010: Unbound data source [java:jboss/datasources/KeycloakDS]
2021-12-31 15:09:47,418 INFO  [org.jboss.as.mail.extension] (MSC service thread 1-1) WFLYMAIL0002: Unbound mail session [java:jboss/mail/Default]
2021-12-31 15:09:47,418 INFO  [org.wildfly.extension.undertow] (MSC service thread 1-4) WFLYUT0008: Undertow HTTPS listener https suspending
2021-12-31 15:09:47,419 INFO  [org.wildfly.extension.undertow] (MSC service thread 1-4) WFLYUT0007: Undertow HTTPS listener https stopped, was bound to 127.0.0.1:8443
2021-12-31 15:09:47,420 INFO  [org.wildfly.extension.undertow] (ServerService Thread Pool -- 60) WFLYUT0022: Unregistered web context: '/auth' from server 'default-server'
2021-12-31 15:09:47,425 INFO  [org.wildfly.extension.undertow] (MSC service thread 1-6) WFLYUT0019: Host default-host stopping
2021-12-31 15:09:47,425 INFO  [org.jboss.as.connector.subsystems.datasources] (MSC service thread 1-5) WFLYJCA0010: Unbound data source [java:jboss/datasources/ExampleDS]
2021-12-31 15:09:47,426 INFO  [org.jboss.as.connector.deployers.jdbc] (MSC service thread 1-8) WFLYJCA0019: Stopped Driver service with driver-name = h2
2021-12-31 15:09:47,429 INFO  [org.jboss.as.server.deployment] (MSC service thread 1-4) WFLYSRV0028: Stopped deployment keycloak-server.war (runtime-name: keycloak-server.war) in 17ms
2021-12-31 15:09:47,431 INFO  [org.jboss.as.clustering.infinispan] (ServerService Thread Pool -- 60) WFLYCLINF0003: Stopped clientSessions cache from keycloak container
2021-12-31 15:09:47,431 INFO  [org.jboss.as.clustering.infinispan] (ServerService Thread Pool -- 72) WFLYCLINF0003: Stopped actionTokens cache from keycloak container
2021-12-31 15:09:47,431 INFO  [org.jboss.as.clustering.infinispan] (ServerService Thread Pool -- 69) WFLYCLINF0003: Stopped loginFailures cache from keycloak container
2021-12-31 15:09:47,432 INFO  [org.jboss.as.clustering.infinispan] (ServerService Thread Pool -- 68) WFLYCLINF0003: Stopped offlineClientSessions cache from keycloak container
2021-12-31 15:09:47,432 INFO  [org.jboss.as.clustering.infinispan] (ServerService Thread Pool -- 71) WFLYCLINF0003: Stopped authenticationSessions cache from keycloak container
2021-12-31 15:09:47,432 INFO  [org.jboss.as.clustering.infinispan] (ServerService Thread Pool -- 67) WFLYCLINF0003: Stopped offlineSessions cache from keycloak container
2021-12-31 15:09:47,432 INFO  [org.jboss.as.clustering.infinispan] (ServerService Thread Pool -- 74) WFLYCLINF0003: Stopped sessions cache from keycloak container
2021-12-31 15:09:47,432 INFO  [org.jboss.as.clustering.infinispan] (ServerService Thread Pool -- 75) WFLYCLINF0003: Stopped work cache from keycloak container
2021-12-31 15:09:47,433 INFO  [org.jboss.as.clustering.infinispan] (ServerService Thread Pool -- 77) WFLYCLINF0003: Stopped keys cache from keycloak container
2021-12-31 15:09:47,436 INFO  [org.wildfly.extension.undertow] (MSC service thread 1-7) WFLYUT0008: Undertow HTTP listener default suspending
2021-12-31 15:09:47,437 INFO  [org.jboss.as.clustering.infinispan] (ServerService Thread Pool -- 73) WFLYCLINF0003: Stopped authorization cache from keycloak container
2021-12-31 15:09:47,437 INFO  [org.jboss.as.clustering.infinispan] (ServerService Thread Pool -- 76) WFLYCLINF0003: Stopped users cache from keycloak container
2021-12-31 15:09:47,438 INFO  [org.wildfly.extension.undertow] (MSC service thread 1-7) WFLYUT0007: Undertow HTTP listener default stopped, was bound to 127.0.0.1:8080
2021-12-31 15:09:47,438 INFO  [org.jboss.as.clustering.infinispan] (ServerService Thread Pool -- 78) WFLYCLINF0003: Stopped realms cache from keycloak container
2021-12-31 15:09:47,439 INFO  [org.infinispan.manager.DefaultCacheManager] (ServerService Thread Pool -- 78) Stopping cache manager null on null
2021-12-31 15:09:47,439 INFO  [org.jboss.as.clustering.infinispan] (ServerService Thread Pool -- 70) WFLYCLINF0003: Stopped http-remoting-connector cache from ejb container
2021-12-31 15:09:47,440 INFO  [org.wildfly.extension.undertow] (MSC service thread 1-6) WFLYUT0004: Undertow 2.2.14.Final stopping
2021-12-31 15:09:47,440 INFO  [org.infinispan.manager.DefaultCacheManager] (ServerService Thread Pool -- 70) Stopping cache manager null on null
2021-12-31 15:09:47,446 INFO  [org.jboss.as] (MSC service thread 1-1) WFLYSRV0050: Keycloak 16.1.0 (WildFly Core 18.0.0.Final) stopped in 34ms
