2021-12-23 14:54:35,482 INFO  [org.jboss.as.server.deployment] (MSC service thread 1-8) WFLYSRV0027: Starting deployment of "keycloak-server.war" (runtime-name: "keycloak-server.war")
2021-12-23 14:54:36,005 INFO  [org.wildfly.extension.undertow] (MSC service thread 1-6) WFLYUT0006: Undertow HTTP listener default listening on 127.0.0.1:8080
2021-12-23 14:54:36,012 INFO  [org.wildfly.extension.undertow] (MSC service thread 1-8) WFLYUT0006: Undertow HTTPS listener https listening on 127.0.0.1:8443
2021-12-23 14:54:36,072 INFO  [org.jboss.as.ejb3] (MSC service thread 1-4) WFLYEJB0493: Jakarta Enterprise Beans subsystem suspension complete
2021-12-23 14:54:36,126 INFO  [org.jboss.as.connector.subsystems.datasources] (MSC service thread 1-5) WFLYJCA0001: Bound data source [java:jboss/datasources/ExampleDS]
2021-12-23 14:54:36,126 INFO  [org.jboss.as.connector.subsystems.datasources] (MSC service thread 1-1) WFLYJCA0001: Bound data source [java:jboss/datasources/KeycloakDS]
2021-12-23 14:54:36,682 INFO  [org.infinispan.CONTAINER] (ServerService Thread Pool -- 52) ISPN000128: Infinispan version: Infinispan 'Taedonggang' 12.1.7.Final
2021-12-23 14:54:36,737 INFO  [org.infinispan.CONFIG] (MSC service thread 1-6) ISPN000152: Passivation configured without an eviction policy being selected. Only manually evicted entities will be passivated.
2021-12-23 14:54:36,738 INFO  [org.infinispan.CONFIG] (MSC service thread 1-6) ISPN000152: Passivation configured without an eviction policy being selected. Only manually evicted entities will be passivated.
2021-12-23 14:54:36,821 INFO  [org.infinispan.CONTAINER] (ServerService Thread Pool -- 52) ISPN000556: Starting user marshaller 'org.wildfly.clustering.infinispan.marshalling.jboss.JBossMarshaller'
2021-12-23 14:54:36,821 INFO  [org.infinispan.CONTAINER] (ServerService Thread Pool -- 53) ISPN000556: Starting user marshaller 'org.wildfly.clustering.infinispan.spi.marshalling.InfinispanProtoStreamMarshaller'
2021-12-23 14:54:37,126 INFO  [org.jboss.as.clustering.infinispan] (ServerService Thread Pool -- 53) WFLYCLINF0002: Started http-remoting-connector cache from ejb container
2021-12-23 14:54:37,147 INFO  [org.jboss.as.clustering.infinispan] (ServerService Thread Pool -- 53) WFLYCLINF0002: Started authenticationSessions cache from keycloak container
2021-12-23 14:54:37,147 INFO  [org.jboss.as.clustering.infinispan] (ServerService Thread Pool -- 52) WFLYCLINF0002: Started work cache from keycloak container
2021-12-23 14:54:37,152 INFO  [org.jboss.as.clustering.infinispan] (ServerService Thread Pool -- 54) WFLYCLINF0002: Started offlineSessions cache from keycloak container
2021-12-23 14:54:37,155 INFO  [org.jboss.as.clustering.infinispan] (ServerService Thread Pool -- 55) WFLYCLINF0002: Started sessions cache from keycloak container
2021-12-23 14:54:37,159 INFO  [org.jboss.as.clustering.infinispan] (ServerService Thread Pool -- 61) WFLYCLINF0002: Started offlineClientSessions cache from keycloak container
2021-12-23 14:54:37,162 INFO  [org.jboss.as.clustering.infinispan] (ServerService Thread Pool -- 56) WFLYCLINF0002: Started actionTokens cache from keycloak container
2021-12-23 14:54:37,206 INFO  [org.jboss.as.clustering.infinispan] (ServerService Thread Pool -- 59) WFLYCLINF0002: Started clientSessions cache from keycloak container
2021-12-23 14:54:37,221 INFO  [org.jboss.as.clustering.infinispan] (ServerService Thread Pool -- 62) WFLYCLINF0002: Started keys cache from keycloak container
2021-12-23 14:54:37,228 INFO  [org.jboss.as.clustering.infinispan] (ServerService Thread Pool -- 57) WFLYCLINF0002: Started realms cache from keycloak container
2021-12-23 14:54:37,228 INFO  [org.jboss.as.clustering.infinispan] (ServerService Thread Pool -- 58) WFLYCLINF0002: Started users cache from keycloak container
2021-12-23 14:54:37,232 INFO  [org.jboss.as.clustering.infinispan] (ServerService Thread Pool -- 63) WFLYCLINF0002: Started loginFailures cache from keycloak container
2021-12-23 14:54:37,248 INFO  [org.jboss.as.clustering.infinispan] (ServerService Thread Pool -- 64) WFLYCLINF0002: Started authorization cache from keycloak container
2021-12-23 14:54:37,361 WARN  [org.jboss.as.server.deployment] (MSC service thread 1-5) WFLYSRV0273: Excluded subsystem webservices via jboss-deployment-structure.xml does not exist.
2021-12-23 14:54:37,773 INFO  [org.keycloak.services] (ServerService Thread Pool -- 60) KC-SERVICES0001: Loading config from standalone.xml or domain.xml
2021-12-23 14:54:38,546 INFO  [org.keycloak.url.DefaultHostnameProviderFactory] (ServerService Thread Pool -- 60) Frontend: <request>, Admin: <frontend>, Backend: <request>
2021-12-23 14:54:38,655 INFO  [org.jboss.as.clustering.infinispan] (ServerService Thread Pool -- 60) WFLYCLINF0002: Started realmRevisions cache from keycloak container
2021-12-23 14:54:38,664 INFO  [org.jboss.as.clustering.infinispan] (ServerService Thread Pool -- 60) WFLYCLINF0002: Started userRevisions cache from keycloak container
2021-12-23 14:54:38,675 INFO  [org.jboss.as.clustering.infinispan] (ServerService Thread Pool -- 60) WFLYCLINF0002: Started authorizationRevisions cache from keycloak container
2021-12-23 14:54:38,676 INFO  [org.keycloak.connections.infinispan.DefaultInfinispanConnectionProviderFactory] (ServerService Thread Pool -- 60) Node name: desktop-e285h5p, Site name: null
2021-12-23 14:54:41,864 INFO  [org.keycloak.connections.jpa.DefaultJpaConnectionProviderFactory] (ServerService Thread Pool -- 60) Database info: {databaseUrl=jdbc:h2:C:\Users\ivanx\OneDrive\Ambiente de Trabalho\KeyCloak\keycloak-16.1.0\standalone\data/keycloak, databaseUser=SA, databaseProduct=H2 1.4.197 (2018-03-18), databaseDriver=H2 JDBC Driver 1.4.197 (2018-03-18)}
2021-12-23 14:54:44,762 INFO  [org.keycloak.connections.jpa.updater.liquibase.LiquibaseJpaUpdaterProvider] (ServerService Thread Pool -- 60) Initializing database schema. Using changelog META-INF/jpa-changelog-master.xml
2021-12-23 14:54:47,415 INFO  [org.hibernate.jpa.internal.util.LogHelper] (ServerService Thread Pool -- 60) HHH000204: Processing PersistenceUnitInfo [
	name: keycloak-default
	...]
2021-12-23 14:54:47,508 INFO  [org.hibernate.Version] (ServerService Thread Pool -- 60) HHH000412: Hibernate Core {5.3.24.Final}
2021-12-23 14:54:47,510 INFO  [org.hibernate.cfg.Environment] (ServerService Thread Pool -- 60) HHH000206: hibernate.properties not found
2021-12-23 14:54:47,790 INFO  [org.hibernate.annotations.common.Version] (ServerService Thread Pool -- 60) HCANN000001: Hibernate Commons Annotations {5.0.5.Final}
2021-12-23 14:54:48,017 INFO  [org.hibernate.dialect.Dialect] (ServerService Thread Pool -- 60) HHH000400: Using dialect: org.hibernate.dialect.H2Dialect
2021-12-23 14:54:48,072 INFO  [org.hibernate.envers.boot.internal.EnversServiceImpl] (ServerService Thread Pool -- 60) Envers integration enabled? : true
2021-12-23 14:54:48,481 INFO  [org.hibernate.orm.beans] (ServerService Thread Pool -- 60) HHH10005002: No explicit CDI BeanManager reference was passed to Hibernate, but CDI is available on the Hibernate ClassLoader.
2021-12-23 14:54:48,802 INFO  [org.hibernate.validator.internal.util.Version] (ServerService Thread Pool -- 60) HV000001: Hibernate Validator 6.0.22.Final
2021-12-23 14:54:50,343 INFO  [org.hibernate.hql.internal.QueryTranslatorFactoryInitiator] (ServerService Thread Pool -- 60) HHH000397: Using ASTQueryTranslatorFactory
2021-12-23 14:54:50,969 INFO  [org.keycloak.services] (ServerService Thread Pool -- 60) KC-SERVICES0050: Initializing master realm
2021-12-23 14:54:53,560 INFO  [org.jboss.resteasy.resteasy_jaxrs.i18n] (ServerService Thread Pool -- 60) RESTEASY002225: Deploying javax.ws.rs.core.Application: class org.keycloak.services.resources.KeycloakApplication
2021-12-23 14:54:53,563 INFO  [org.jboss.resteasy.resteasy_jaxrs.i18n] (ServerService Thread Pool -- 60) RESTEASY002200: Adding class resource org.keycloak.services.resources.ThemeResource from Application class org.keycloak.services.resources.KeycloakApplication
2021-12-23 14:54:53,563 INFO  [org.jboss.resteasy.resteasy_jaxrs.i18n] (ServerService Thread Pool -- 60) RESTEASY002200: Adding class resource org.keycloak.services.resources.JsResource from Application class org.keycloak.services.resources.KeycloakApplication
2021-12-23 14:54:53,564 INFO  [org.jboss.resteasy.resteasy_jaxrs.i18n] (ServerService Thread Pool -- 60) RESTEASY002205: Adding provider class org.keycloak.services.filters.KeycloakSecurityHeadersFilter from Application class org.keycloak.services.resources.KeycloakApplication
2021-12-23 14:54:53,565 INFO  [org.jboss.resteasy.resteasy_jaxrs.i18n] (ServerService Thread Pool -- 60) RESTEASY002205: Adding provider class org.keycloak.services.error.KeycloakErrorHandler from Application class org.keycloak.services.resources.KeycloakApplication
2021-12-23 14:54:53,565 INFO  [org.jboss.resteasy.resteasy_jaxrs.i18n] (ServerService Thread Pool -- 60) RESTEASY002220: Adding singleton resource org.keycloak.services.resources.admin.AdminRoot from Application class org.keycloak.services.resources.KeycloakApplication
2021-12-23 14:54:53,565 INFO  [org.jboss.resteasy.resteasy_jaxrs.i18n] (ServerService Thread Pool -- 60) RESTEASY002210: Adding provider singleton org.keycloak.services.util.ObjectMapperResolver from Application class org.keycloak.services.resources.KeycloakApplication
2021-12-23 14:54:53,565 INFO  [org.jboss.resteasy.resteasy_jaxrs.i18n] (ServerService Thread Pool -- 60) RESTEASY002220: Adding singleton resource org.keycloak.services.resources.WelcomeResource from Application class org.keycloak.services.resources.KeycloakApplication
2021-12-23 14:54:53,566 INFO  [org.jboss.resteasy.resteasy_jaxrs.i18n] (ServerService Thread Pool -- 60) RESTEASY002220: Adding singleton resource org.keycloak.services.resources.RealmsResource from Application class org.keycloak.services.resources.KeycloakApplication
2021-12-23 14:54:53,566 INFO  [org.jboss.resteasy.resteasy_jaxrs.i18n] (ServerService Thread Pool -- 60) RESTEASY002220: Adding singleton resource org.keycloak.services.resources.RobotsResource from Application class org.keycloak.services.resources.KeycloakApplication
2021-12-23 14:54:53,672 INFO  [org.wildfly.extension.undertow] (ServerService Thread Pool -- 60) WFLYUT0021: Registered web context: '/auth' for server 'default-server'
2021-12-23 14:54:53,776 INFO  [org.jboss.as.server] (ServerService Thread Pool -- 42) WFLYSRV0010: Deployed "keycloak-server.war" (runtime-name : "keycloak-server.war")
2021-12-23 14:54:53,867 INFO  [org.jboss.as.server] (Controller Boot Thread) WFLYSRV0212: Resuming server
2021-12-23 14:54:53,870 INFO  [org.jboss.as] (Controller Boot Thread) WFLYSRV0025: Keycloak 16.1.0 (WildFly Core 18.0.0.Final) started in 23106ms - Started 573 of 851 services (576 services are lazy, passive or on-demand)
2021-12-23 14:54:53,873 INFO  [org.jboss.as] (Controller Boot Thread) WFLYSRV0060: Http management interface listening on http://127.0.0.1:9990/management
2021-12-23 14:54:53,873 INFO  [org.jboss.as] (Controller Boot Thread) WFLYSRV0051: Admin console listening on http://127.0.0.1:9990
2021-12-23 14:56:06,294 INFO  [org.keycloak.services] (default task-2) KC-SERVICES0077: Created initial admin user with username grupo2
2021-12-23 16:16:50,628 WARN  [org.keycloak.events] (default task-17) type=REFRESH_TOKEN_ERROR, realmId=master, clientId=security-admin-console, userId=null, ipAddress=127.0.0.1, error=invalid_token, grant_type=refresh_token, client_auth_method=client-secret
2021-12-23 16:29:39,771 WARN  [org.keycloak.events] (default task-26) type=LOGIN_ERROR, realmId=uap_rest_api, clientId=bookstoreclient, userId=e73928ff-5326-4d33-b5ef-b7ffd40545a4, ipAddress=127.0.0.1, error=invalid_user_credentials, auth_method=openid-connect, auth_type=code, redirect_uri=http://localhost:8081/sample, code_id=2c8437c8-bb13-40da-a05b-cbc5cbcc1c98, username=accounts, authSessionParentId=2c8437c8-bb13-40da-a05b-cbc5cbcc1c98, authSessionTabId=o8Ki0Gh3ewo
2021-12-23 16:29:47,812 WARN  [org.keycloak.events] (default task-26) type=LOGIN_ERROR, realmId=uap_rest_api, clientId=bookstoreclient, userId=e73928ff-5326-4d33-b5ef-b7ffd40545a4, ipAddress=127.0.0.1, error=invalid_user_credentials, auth_method=openid-connect, auth_type=code, redirect_uri=http://localhost:8081/sample, code_id=2c8437c8-bb13-40da-a05b-cbc5cbcc1c98, username=accounts, authSessionParentId=2c8437c8-bb13-40da-a05b-cbc5cbcc1c98, authSessionTabId=o8Ki0Gh3ewo
2021-12-23 17:00:08,969 WARN  [org.keycloak.protocol.oidc.utils.OAuth2CodeParser] (default task-30) Code '20918dd7-817b-4016-b2a8-f799bd23ac8d' already used for userSession '2c8437c8-bb13-40da-a05b-cbc5cbcc1c98' and client '24f1e509-cd1d-4886-821c-3a8c53044ffd'.
2021-12-23 17:00:08,970 WARN  [org.keycloak.events] (default task-30) type=CODE_TO_TOKEN_ERROR, realmId=uap_rest_api, clientId=bookstoreclient, userId=null, ipAddress=127.0.0.1, error=invalid_code, grant_type=authorization_code, code_id=2c8437c8-bb13-40da-a05b-cbc5cbcc1c98, client_auth_method=client-secret
2021-12-23 17:04:35,103 WARN  [org.keycloak.protocol.oidc.utils.OAuth2CodeParser] (default task-30) Code 'fed4df29-7895-4edd-9de4-584851a7b60d' already used for userSession '2c8437c8-bb13-40da-a05b-cbc5cbcc1c98' and client '24f1e509-cd1d-4886-821c-3a8c53044ffd'.
2021-12-23 17:04:35,104 WARN  [org.keycloak.events] (default task-30) type=CODE_TO_TOKEN_ERROR, realmId=uap_rest_api, clientId=bookstoreclient, userId=null, ipAddress=127.0.0.1, error=invalid_code, grant_type=authorization_code, code_id=2c8437c8-bb13-40da-a05b-cbc5cbcc1c98, client_auth_method=client-secret
2021-12-23 17:04:49,352 WARN  [org.keycloak.protocol.oidc.utils.OAuth2CodeParser] (default task-30) Code 'fed4df29-7895-4edd-9de4-584851a7b60d' already used for userSession '2c8437c8-bb13-40da-a05b-cbc5cbcc1c98' and client '24f1e509-cd1d-4886-821c-3a8c53044ffd'.
2021-12-23 17:04:49,353 WARN  [org.keycloak.events] (default task-30) type=CODE_TO_TOKEN_ERROR, realmId=uap_rest_api, clientId=bookstoreclient, userId=null, ipAddress=127.0.0.1, error=invalid_code, grant_type=authorization_code, code_id=2c8437c8-bb13-40da-a05b-cbc5cbcc1c98, client_auth_method=client-secret
2021-12-23 17:08:44,610 INFO  [org.jboss.as.server] (Thread-1) WFLYSRV0272: Suspending server
2021-12-23 17:08:44,612 INFO  [org.jboss.as.ejb3] (Thread-1) WFLYEJB0493: Jakarta Enterprise Beans subsystem suspension complete
2021-12-23 17:08:44,614 INFO  [org.jboss.as.server] (Thread-1) WFLYSRV0220: Server shutdown has been requested via an OS signal
2021-12-23 17:08:44,624 INFO  [org.jboss.as.connector.subsystems.datasources] (MSC service thread 1-1) WFLYJCA0010: Unbound data source [java:jboss/datasources/KeycloakDS]
2021-12-23 17:08:44,625 INFO  [org.jboss.as.mail.extension] (MSC service thread 1-7) WFLYMAIL0002: Unbound mail session [java:jboss/mail/Default]
2021-12-23 17:08:44,626 INFO  [org.wildfly.extension.undertow] (MSC service thread 1-5) WFLYUT0008: Undertow HTTPS listener https suspending
2021-12-23 17:08:44,627 INFO  [org.wildfly.extension.undertow] (MSC service thread 1-5) WFLYUT0007: Undertow HTTPS listener https stopped, was bound to 127.0.0.1:8443
2021-12-23 17:08:44,627 INFO  [org.wildfly.extension.undertow] (ServerService Thread Pool -- 68) WFLYUT0022: Unregistered web context: '/auth' from server 'default-server'
2021-12-23 17:08:44,636 INFO  [org.jboss.as.connector.subsystems.datasources] (MSC service thread 1-3) WFLYJCA0010: Unbound data source [java:jboss/datasources/ExampleDS]
2021-12-23 17:08:44,636 INFO  [org.jboss.as.connector.deployers.jdbc] (MSC service thread 1-2) WFLYJCA0019: Stopped Driver service with driver-name = h2
2021-12-23 17:08:44,637 INFO  [org.wildfly.extension.undertow] (MSC service thread 1-4) WFLYUT0019: Host default-host stopping
2021-12-23 17:08:44,643 INFO  [org.wildfly.extension.undertow] (MSC service thread 1-6) WFLYUT0008: Undertow HTTP listener default suspending
2021-12-23 17:08:44,643 INFO  [org.jboss.as.server.deployment] (MSC service thread 1-8) WFLYSRV0028: Stopped deployment keycloak-server.war (runtime-name: keycloak-server.war) in 26ms
2021-12-23 17:08:44,644 INFO  [org.wildfly.extension.undertow] (MSC service thread 1-6) WFLYUT0007: Undertow HTTP listener default stopped, was bound to 127.0.0.1:8080
2021-12-23 17:08:44,645 INFO  [org.jboss.as.clustering.infinispan] (ServerService Thread Pool -- 68) WFLYCLINF0003: Stopped authenticationSessions cache from keycloak container
2021-12-23 17:08:44,645 INFO  [org.jboss.as.clustering.infinispan] (ServerService Thread Pool -- 67) WFLYCLINF0003: Stopped offlineClientSessions cache from keycloak container
2021-12-23 17:08:44,645 INFO  [org.jboss.as.clustering.infinispan] (ServerService Thread Pool -- 69) WFLYCLINF0003: Stopped clientSessions cache from keycloak container
2021-12-23 17:08:44,645 INFO  [org.jboss.as.clustering.infinispan] (ServerService Thread Pool -- 78) WFLYCLINF0003: Stopped sessions cache from keycloak container
2021-12-23 17:08:44,646 INFO  [org.jboss.as.clustering.infinispan] (ServerService Thread Pool -- 75) WFLYCLINF0003: Stopped loginFailures cache from keycloak container
2021-12-23 17:08:44,646 INFO  [org.jboss.as.clustering.infinispan] (ServerService Thread Pool -- 74) WFLYCLINF0003: Stopped work cache from keycloak container
2021-12-23 17:08:44,646 INFO  [org.jboss.as.clustering.infinispan] (ServerService Thread Pool -- 76) WFLYCLINF0003: Stopped actionTokens cache from keycloak container
2021-12-23 17:08:44,649 INFO  [org.jboss.as.clustering.infinispan] (ServerService Thread Pool -- 60) WFLYCLINF0003: Stopped authorization cache from keycloak container
2021-12-23 17:08:44,650 INFO  [org.wildfly.extension.undertow] (MSC service thread 1-3) WFLYUT0004: Undertow 2.2.14.Final stopping
2021-12-23 17:08:44,651 INFO  [org.jboss.as.clustering.infinispan] (ServerService Thread Pool -- 72) WFLYCLINF0003: Stopped offlineSessions cache from keycloak container
2021-12-23 17:08:44,653 INFO  [org.jboss.as.clustering.infinispan] (ServerService Thread Pool -- 71) WFLYCLINF0003: Stopped realms cache from keycloak container
2021-12-23 17:08:44,654 INFO  [org.jboss.as.clustering.infinispan] (ServerService Thread Pool -- 77) WFLYCLINF0003: Stopped keys cache from keycloak container
2021-12-23 17:08:44,654 INFO  [org.jboss.as.clustering.infinispan] (ServerService Thread Pool -- 73) WFLYCLINF0003: Stopped users cache from keycloak container
2021-12-23 17:08:44,656 INFO  [org.jboss.as.clustering.infinispan] (ServerService Thread Pool -- 70) WFLYCLINF0003: Stopped http-remoting-connector cache from ejb container
2021-12-23 17:08:44,657 INFO  [org.infinispan.manager.DefaultCacheManager] (ServerService Thread Pool -- 73) Stopping cache manager null on null
2021-12-23 17:08:44,661 INFO  [org.infinispan.manager.DefaultCacheManager] (ServerService Thread Pool -- 77) Stopping cache manager null on null
2021-12-23 17:08:44,670 INFO  [org.jboss.as] (MSC service thread 1-5) WFLYSRV0050: Keycloak 16.1.0 (WildFly Core 18.0.0.Final) stopped in 53ms
